# JRE version: OpenJDK Runtime Environment (11.0.15) (build 11.0.15+0-b2043.56-9505619)
# Java VM: OpenJDK 64-Bit Server VM (11.0.15+0-b2043.56-9505619, mixed mode, tiered, compressed oops, g1 gc, windows-amd64)
Heap:
 garbage-first heap   total 533504K, used 272546K [0x0000000080000000, 0x0000000100000000)
  region size 1024K, 5 young (5120K), 5 survivors (5120K)
 Metaspace       used 125029K, capacity 128983K, committed 129200K, reserved 1161216K
  class space    used 15748K, capacity 17291K, committed 17408K, reserved 1048576K
GC Heap History (20 events):
Event: 87.843 GC heap after
{Heap after GC invocations=137 (full 0):
 garbage-first heap   total 395264K, used 261916K [0x0000000080000000, 0x0000000100000000)
  region size 1024K, 7 young (7168K), 7 survivors (7168K)
 Metaspace       used 125000K, capacity 128966K, committed 129200K, reserved 1161216K
  class space    used 15747K, capacity 17289K, committed 17408K, reserved 1048576K
}
Event: 88.015 GC heap before
{Heap before GC invocations=137 (full 0):
 garbage-first heap   total 395264K, used 344860K [0x0000000080000000, 0x0000000100000000)
  region size 1024K, 89 young (91136K), 7 survivors (7168K)
 Metaspace       used 125018K, capacity 128978K, committed 129200K, reserved 1161216K
  class space    used 15748K, capacity 17291K, committed 17408K, reserved 1048576K
}
Event: 88.026 GC heap after
{Heap after GC invocations=138 (full 0):
 garbage-first heap   total 395264K, used 263740K [0x0000000080000000, 0x0000000100000000)
  region size 1024K, 9 young (9216K), 9 survivors (9216K)
 Metaspace       used 125018K, capacity 128978K, committed 129200K, reserved 1161216K
  class space    used 15748K, capacity 17291K, committed 17408K, reserved 1048576K
}
Event: 88.177 GC heap before
{Heap before GC invocations=138 (full 0):
 garbage-first heap   total 395264K, used 344636K [0x0000000080000000, 0x0000000100000000)
  region size 1024K, 88 young (90112K), 9 survivors (9216K)
 Metaspace       used 125019K, capacity 128978K, committed 129200K, reserved 1161216K
  class space    used 15748K, capacity 17291K, committed 17408K, reserved 1048576K
}
Event: 88.185 GC heap after
{Heap after GC invocations=139 (full 0):
 garbage-first heap   total 395264K, used 264009K [0x0000000080000000, 0x0000000100000000)
  region size 1024K, 6 young (6144K), 6 survivors (6144K)
 Metaspace       used 125019K, capacity 128978K, committed 129200K, reserved 1161216K
  class space    used 15748K, capacity 17291K, committed 17408K, reserved 1048576K
}
Event: 88.335 GC heap before
{Heap before GC invocations=139 (full 0):
 garbage-first heap   total 395264K, used 345929K [0x0000000080000000, 0x0000000100000000)
  region size 1024K, 87 young (89088K), 6 survivors (6144K)
 Metaspace       used 125019K, capacity 128978K, committed 129200K, reserved 1161216K
  class space    used 15748K, capacity 17291K, committed 17408K, reserved 1048576K
}
Event: 88.345 GC heap after
{Heap after GC invocations=140 (full 0):
 garbage-first heap   total 395264K, used 265926K [0x0000000080000000, 0x0000000100000000)
  region size 1024K, 8 young (8192K), 8 survivors (8192K)
 Metaspace       used 125019K, capacity 128978K, committed 129200K, reserved 1161216K
  class space    used 15748K, capacity 17291K, committed 17408K, reserved 1048576K
}
Event: 88.504 GC heap before
{Heap before GC invocations=140 (full 0):
 garbage-first heap   total 395264K, used 346822K [0x0000000080000000, 0x0000000100000000)
  region size 1024K, 87 young (89088K), 8 survivors (8192K)
 Metaspace       used 125022K, capacity 128978K, committed 129200K, reserved 1161216K
  class space    used 15748K, capacity 17291K, committed 17408K, reserved 1048576K
}
Event: 88.514 GC heap after
{Heap after GC invocations=141 (full 0):
 garbage-first heap   total 395264K, used 269434K [0x0000000080000000, 0x0000000100000000)
  region size 1024K, 8 young (8192K), 8 survivors (8192K)
 Metaspace       used 125022K, capacity 128978K, committed 129200K, reserved 1161216K
  class space    used 15748K, capacity 17291K, committed 17408K, reserved 1048576K
}
Event: 88.644 GC heap before
{Heap before GC invocations=141 (full 0):
 garbage-first heap   total 395264K, used 345210K [0x0000000080000000, 0x0000000100000000)
  region size 1024K, 82 young (83968K), 8 survivors (8192K)
 Metaspace       used 125024K, capacity 128978K, committed 129200K, reserved 1161216K
  class space    used 15748K, capacity 17291K, committed 17408K, reserved 1048576K
}
Event: 88.655 GC heap after
{Heap after GC invocations=142 (full 0):
 garbage-first heap   total 395264K, used 271133K [0x0000000080000000, 0x0000000100000000)
  region size 1024K, 7 young (7168K), 7 survivors (7168K)
 Metaspace       used 125024K, capacity 128978K, committed 129200K, reserved 1161216K
  class space    used 15748K, capacity 17291K, committed 17408K, reserved 1048576K
}
Event: 89.000 GC heap before
{Heap before GC invocations=142 (full 0):
 garbage-first heap   total 395264K, used 345885K [0x0000000080000000, 0x0000000100000000)
  region size 1024K, 80 young (81920K), 7 survivors (7168K)
 Metaspace       used 125024K, capacity 128978K, committed 129200K, reserved 1161216K
  class space    used 15748K, capacity 17291K, committed 17408K, reserved 1048576K
}
Event: 89.009 GC heap after
{Heap after GC invocations=143 (full 0):
 garbage-first heap   total 395264K, used 271487K [0x0000000080000000, 0x0000000100000000)
  region size 1024K, 4 young (4096K), 4 survivors (4096K)
 Metaspace       used 125024K, capacity 128978K, committed 129200K, reserved 1161216K
  class space    used 15748K, capacity 17291K, committed 17408K, reserved 1048576K
}
Event: 89.165 GC heap before
{Heap before GC invocations=143 (full 0):
 garbage-first heap   total 395264K, used 346239K [0x0000000080000000, 0x0000000100000000)
  region size 1024K, 77 young (78848K), 4 survivors (4096K)
 Metaspace       used 125024K, capacity 128978K, committed 129200K, reserved 1161216K
  class space    used 15748K, capacity 17291K, committed 17408K, reserved 1048576K
}
Event: 89.174 GC heap after
{Heap after GC invocations=144 (full 0):
 garbage-first heap   total 395264K, used 271338K [0x0000000080000000, 0x0000000100000000)
  region size 1024K, 4 young (4096K), 4 survivors (4096K)
 Metaspace       used 125024K, capacity 128978K, committed 129200K, reserved 1161216K
  class space    used 15748K, capacity 17291K, committed 17408K, reserved 1048576K
}
Event: 89.296 GC heap before
{Heap before GC invocations=144 (full 0):
 garbage-first heap   total 395264K, used 347114K [0x0000000080000000, 0x0000000100000000)
  region size 1024K, 78 young (79872K), 4 survivors (4096K)
 Metaspace       used 125024K, capacity 128978K, committed 129200K, reserved 1161216K
  class space    used 15748K, capacity 17291K, committed 17408K, reserved 1048576K
}
Event: 89.301 GC heap after
{Heap after GC invocations=145 (full 0):
 garbage-first heap   total 395264K, used 271797K [0x0000000080000000, 0x0000000100000000)
  region size 1024K, 4 young (4096K), 4 survivors (4096K)
 Metaspace       used 125024K, capacity 128978K, committed 129200K, reserved 1161216K
  class space    used 15748K, capacity 17291K, committed 17408K, reserved 1048576K
}
Event: 89.929 GC heap before
{Heap before GC invocations=145 (full 0):
 garbage-first heap   total 395264K, used 348597K [0x0000000080000000, 0x0000000100000000)
  region size 1024K, 79 young (80896K), 4 survivors (4096K)
 Metaspace       used 125025K, capacity 128978K, committed 129200K, reserved 1161216K
  class space    used 15748K, capacity 17291K, committed 17408K, reserved 1048576K
}
Event: 89.961 GC heap after
{Heap after GC invocations=146 (full 0):
 garbage-first heap   total 395264K, used 272147K [0x0000000080000000, 0x0000000100000000)
  region size 1024K, 4 young (4096K), 4 survivors (4096K)
 Metaspace       used 125025K, capacity 128978K, committed 129200K, reserved 1161216K
  class space    used 15748K, capacity 17291K, committed 17408K, reserved 1048576K
}
Event: 91.455 GC heap before
{Heap before GC invocations=146 (full 0):
 garbage-first heap   total 395264K, used 348947K [0x0000000080000000, 0x0000000100000000)
  region size 1024K, 79 young (80896K), 4 survivors (4096K)
 Metaspace       used 125029K, capacity 128983K, committed 129200K, reserved 1161216K
  class space    used 15748K, capacity 17291K, committed 17408K, reserved 1048576K
}

